Построение начато 27.10.2023 15:58:18.
     1>Проект "G:\лабылогика\lab4\lab4\lab4.vcxproj" в узле 2 (целевые объекты build).
     1>InitializeBuildStatus:
         Создание "Debug\lab4.unsuccessfulbuild", так как было задано "AlwaysCreate".
       ClCompile:
         C:\Program Files\Microsoft Visual Studio 10.0\VC\bin\CL.exe /c /ZI /nologo /W3 /WX- /Od /Oy- /D _MBCS /Gm /EHsc /RTC1 /MDd /GS /fp:precise /Zc:wchar_t /Zc:forScope /Fo"Debug\\" /Fd"Debug\vc100.pdb" /Gd /TP /analyze- /errorReport:prompt 1.cpp
         1.cpp
     1>g:\лабылогика\lab4\lab4\1.cpp(118): warning C4996: 'scanf': This function or variable may be unsafe. Consider using scanf_s instead. To disable deprecation, use _CRT_SECURE_NO_WARNINGS. See online help for details.
                 c:\program files\microsoft visual studio 10.0\vc\include\stdio.h(304): см. объявление "scanf"
     1>g:\лабылогика\lab4\lab4\1.cpp(86): warning C4715: Find_data: значение возвращается не при всех путях выполнения
       Link:
         C:\Program Files\Microsoft Visual Studio 10.0\VC\bin\link.exe /ERRORREPORT:PROMPT /OUT:"G:\лабылогика\lab4\lab4\Debug\lab4.exe" /NOLOGO kernel32.lib user32.lib gdi32.lib winspool.lib comdlg32.lib advapi32.lib shell32.lib ole32.lib oleaut32.lib uuid.lib odbc32.lib odbccp32.lib /MANIFEST /ManifestFile:"Debug\lab4.exe.intermediate.manifest" /MANIFESTUAC:"level='asInvoker' uiAccess='false'" /DEBUG /PDB:"G:\лабылогика\lab4\lab4\Debug\lab4.pdb" /TLBID:1 /DYNAMICBASE /NXCOMPAT /IMPLIB:"G:\лабылогика\lab4\lab4\Debug\lab4.lib" /MACHINE:X86 Debug\1.obj
         LINK : не найден или не выполнена сборка G:\лабылогика\lab4\lab4\Debug\lab4.exe при последней инкрементной компоновке; выполняется полная компоновка
         lab4.vcxproj -> G:\лабылогика\lab4\lab4\Debug\lab4.exe
       Manifest:
         C:\Program Files\Microsoft SDKs\Windows\v7.0A\bin\mt.exe /nologo /verbose /outputresource:"G:\лабылогика\lab4\lab4\Debug\lab4.exe;#1" /manifest Debug\lab4.exe.intermediate.manifest
       FinalizeBuildStatus:
         Файл "Debug\lab4.unsuccessfulbuild" удаляется.
         Обращение к "Debug\lab4.lastbuildstate".
     1>Построение проекта "G:\лабылогика\lab4\lab4\lab4.vcxproj" завершено (целевые объекты build).

Построение успешно завершено.

Затраченное время: 00:00:03.00
